<?xml version="1.0" encoding="UTF-8"?>
<testsuite name="com.bl.demo.MoodAnalyserTest" tests="1" skipped="0" failures="0" errors="0" timestamp="2020-04-24T15:41:19" hostname="DESKTOP-QIO4ADF" time="0.005">
  <properties/>
  <testcase name="givenMoodAnalyseClass_WhenImproper_ShouldThrowException" classname="com.bl.demo.MoodAnalyserTest" time="0.005"/>
  <system-out><![CDATA[]]></system-out>
  <system-err><![CDATA[]]></system-err>
</testsuite>
