<?xml version="1.0" encoding="UTF-8"?>
<testsuite name="com.bl.demo.MoodAnalyserTest" tests="1" skipped="0" failures="0" errors="0" timestamp="2020-04-25T08:14:53" hostname="DESKTOP-QIO4ADF" time="0.003">
  <properties/>
  <testcase name="giveMoodReflection_WhenHappyMessage_ShouldReturnHappy" classname="com.bl.demo.MoodAnalyserTest" time="0.003"/>
  <system-out><![CDATA[]]></system-out>
  <system-err><![CDATA[]]></system-err>
</testsuite>
